2016-06-18T11:15:18 Checking update-file '/nix/store/0bpj2fxmd41r8mb1c6as8k7ab9fccqir-user-environment/share/apps/kconf_update/kcookiescfg.upd' for new updates
2016-06-18T11:15:18 kcookiescfg.upd: Found new update 'kde2.2/b1'
2016-06-18T11:15:18 kcookiescfg.upd: File 'kcookiejarrc' does not exist or empty, skipping
2016-06-18T11:15:18 kcookiescfg.upd: Found new update 'kde3.1/cvs'
2016-06-18T11:15:18 kcookiescfg.upd: File 'kcookiejarrc' does not exist or empty, skipping
2016-06-18T11:15:18 kcookiescfg.upd: Found new update 'kde4.10/git'
2016-06-18T11:15:18 kcookiescfg.upd: File 'kcookiejarrc' does not exist or empty, skipping
2016-06-18T11:15:18 Checking update-file '/nix/store/0bpj2fxmd41r8mb1c6as8k7ab9fccqir-user-environment/share/apps/kconf_update/plasmarc-to-plasmadesktoprc.upd' for new updates
2016-06-18T11:15:18 plasmarc-to-plasmadesktoprc.upd: Found new update '4.3plasma-desktop'
2016-06-18T11:15:18 plasmarc-to-plasmadesktoprc.upd: Running script 'plasma-to-plasma-desktop'
2016-06-18T11:15:19 Checking update-file '/nix/store/0bpj2fxmd41r8mb1c6as8k7ab9fccqir-user-environment/share/apps/kconf_update/mailtransports.upd' for new updates
2016-06-18T11:15:19 mailtransports.upd: Found new update 'initial-kmail-migration'
2016-06-18T11:15:19 mailtransports.upd: File 'kmailrc' does not exist or empty, skipping
2016-06-18T11:15:19 mailtransports.upd: Found new update 'initial-knode-migration'
2016-06-18T11:15:19 mailtransports.upd: File 'knoderc' does not exist or empty, skipping
2016-06-18T11:15:19 Checking update-file '/nix/store/0bpj2fxmd41r8mb1c6as8k7ab9fccqir-user-environment/share/apps/kconf_update/kwin_fsp_workarounds_1.upd' for new updates
2016-06-18T11:15:19 kwin_fsp_workarounds_1.upd: Found new update 'kde351'
2016-06-18T11:15:19 kwin_fsp_workarounds_1.upd: Running script 'kwin_update_default_rules' with arguments 'fsp_workarounds_1.kwinrules'
2016-06-18T11:15:19 [Script] QDBusConnection: session D-Bus connection created before QCoreApplication. Application may misbehave.
2016-06-18T11:15:19 Checking update-file '/nix/store/0bpj2fxmd41r8mb1c6as8k7ab9fccqir-user-environment/share/apps/kconf_update/kded.upd' for new updates
2016-06-18T11:15:19 kded.upd: Found new update 'kde3.0'
2016-06-18T11:15:19 kded.upd: File 'kdedrc' does not exist or empty, skipping
2016-06-18T11:15:19 Checking update-file '/nix/store/0bpj2fxmd41r8mb1c6as8k7ab9fccqir-user-environment/share/apps/kconf_update/plasma-to-plasmadesktop-shortcuts.upd' for new updates
2016-06-18T11:15:19 plasma-to-plasmadesktop-shortcuts.upd: Found new update '4.3plasma-desktop-shortcuts'
2016-06-18T11:15:19 plasma-to-plasmadesktop-shortcuts.upd: File 'kglobalshortcutsrc' does not exist or empty, skipping
2016-06-18T11:15:19 Checking update-file '/nix/store/0bpj2fxmd41r8mb1c6as8k7ab9fccqir-user-environment/share/apps/kconf_update/notifications-to-orgkdenotifications.upd' for new updates
2016-06-18T11:15:19 notifications-to-orgkdenotifications.upd: Found new update '4.10QmlNotifications'
2016-06-18T11:15:19 notifications-to-orgkdenotifications.upd: Running script 'notifications-to-orgkdenotifications'
2016-06-18T11:15:19 Checking update-file '/nix/store/0bpj2fxmd41r8mb1c6as8k7ab9fccqir-user-environment/share/apps/kconf_update/kio_help.upd' for new updates
2016-06-18T11:15:19 kio_help.upd: Found new update 'kde3_2'
2016-06-18T11:15:19 kio_help.upd: Running script 'move_kio_help_cache.sh'
2016-06-18T11:15:19 [Script] mv: cannot stat '/home/ceduic/.kde/share/apps/kio_help/cache': No such file or directory
2016-06-18T11:15:19 [Script] rmdir: failed to remove '/home/ceduic/.kde/share/apps/kio_help': No such file or directory
2016-06-18T11:15:19 Checking update-file '/nix/store/0bpj2fxmd41r8mb1c6as8k7ab9fccqir-user-environment/share/apps/kconf_update/plasma-add-shortcut-to-menu.upd' for new updates
2016-06-18T11:15:19 plasma-add-shortcut-to-menu.upd: Found new update '4.1LauncherShortcut'
2016-06-18T11:15:19 plasma-add-shortcut-to-menu.upd:2:'Script=plasma-add-shortcut-to-menu-update': Script 'plasma-add-shortcut-to-menu-update' not found
2016-06-18T11:15:19 Checking update-file '/nix/store/0bpj2fxmd41r8mb1c6as8k7ab9fccqir-user-environment/share/apps/kconf_update/kwin_update_411.upd' for new updates
2016-06-18T11:15:19 kwin_update_411.upd: Found new update 'Kwin-4.11_0'
2016-06-18T11:15:19 kwin_update_411.upd: Running script 'kwin_update_settings_411'
2016-06-18T11:15:19 Checking update-file '/nix/store/0bpj2fxmd41r8mb1c6as8k7ab9fccqir-user-environment/share/apps/kconf_update/kwin_update_49.upd' for new updates
2016-06-18T11:15:19 kwin_update_49.upd: Found new update 'Kwin-4.9'
2016-06-18T11:15:19 kwin_update_49.upd: Running script 'kwin_update_settings_49'
2016-06-18T11:15:19 [Script] QDBusConnection: session D-Bus connection created before QCoreApplication. Application may misbehave.
2016-06-18T11:15:19 Checking update-file '/nix/store/0bpj2fxmd41r8mb1c6as8k7ab9fccqir-user-environment/share/apps/kconf_update/ksmserver_shortcuts.upd' for new updates
2016-06-18T11:15:19 ksmserver_shortcuts.upd: Found new update 'kde4.10'
2016-06-18T11:15:19 ksmserver_shortcuts.upd: File 'kglobalshortcutsrc' does not exist or empty, skipping
2016-06-18T11:15:19 ksmserver_shortcuts.upd: Found new update 'kde4.10-remove-group-kscreenlocker'
2016-06-18T11:15:19 ksmserver_shortcuts.upd: File 'kglobalshortcutsrc' does not exist or empty, skipping
2016-06-18T11:15:19 Checking update-file '/nix/store/0bpj2fxmd41r8mb1c6as8k7ab9fccqir-user-environment/share/apps/kconf_update/kwin_translate_confrequest_rule.upd' for new updates
2016-06-18T11:15:19 kwin_translate_confrequest_rule.upd: Found new update 'Kwin-4.11'
2016-06-18T11:15:19 kwin_translate_confrequest_rule.upd: Running script 'kwin_translate_confrequest_rule.sh'
2016-06-18T11:15:19 [Script] /nix/store/0bpj2fxmd41r8mb1c6as8k7ab9fccqir-user-environment/share/apps/kconf_update/kwin_translate_confrequest_rule.sh: line 2: kreadconfig: command not found
2016-06-18T11:15:19 Checking update-file '/nix/store/0bpj2fxmd41r8mb1c6as8k7ab9fccqir-user-environment/share/apps/kconf_update/kwin_translate_activity_rule.upd' for new updates
2016-06-18T11:15:19 kwin_translate_activity_rule.upd: Found new update 'Kwin-4.10'
2016-06-18T11:15:19 kwin_translate_activity_rule.upd: Running script 'kwin_translate_activity_rule.sh'
2016-06-18T11:15:19 [Script] /nix/store/0bpj2fxmd41r8mb1c6as8k7ab9fccqir-user-environment/share/apps/kconf_update/kwin_translate_activity_rule.sh: line 2: kreadconfig: command not found
2016-06-18T11:15:19 Checking update-file '/nix/store/0bpj2fxmd41r8mb1c6as8k7ab9fccqir-user-environment/share/apps/kconf_update/kwin_update_410.upd' for new updates
2016-06-18T11:15:19 kwin_update_410.upd: Found new update 'Kwin-4.10_1'
2016-06-18T11:15:19 kwin_update_410.upd: Running script 'kwin_update_settings_410'
2016-06-18T11:15:19 [Script] QDBusConnection: session D-Bus connection created before QCoreApplication. Application may misbehave.
2016-06-18T11:15:19 Checking update-file '/nix/store/0bpj2fxmd41r8mb1c6as8k7ab9fccqir-user-environment/share/apps/kconf_update/krdb_libpathwipe.upd' for new updates
2016-06-18T11:15:19 krdb_libpathwipe.upd: Found new update 'LibraryPathWipeOut'
2016-06-18T11:15:19 krdb_libpathwipe.upd: Running script 'krdb_clearlibrarypath'
2016-06-18T11:15:19 Checking update-file '/nix/store/0bpj2fxmd41r8mb1c6as8k7ab9fccqir-user-environment/share/apps/kconf_update/kwin_update_tabbox_settings.upd' for new updates
2016-06-18T11:15:19 kwin_update_tabbox_settings.upd: Found new update 'Kwin-4.4'
2016-06-18T11:15:19 kwin_update_tabbox_settings.upd: Running script 'kwin_update_tabbox_settings'
2016-06-18T11:15:19 [Script] QDBusConnection: session D-Bus connection created before QCoreApplication. Application may misbehave.
2016-06-18T11:15:19 Checking update-file '/nix/store/0bpj2fxmd41r8mb1c6as8k7ab9fccqir-user-environment/share/apps/kconf_update/oxygen.upd' for new updates
2016-06-18T11:15:19 oxygen.upd: Found new update '1'
2016-06-18T11:15:19 oxygen.upd: File 'oxygenrc' does not exist or empty, skipping
2016-06-18T11:15:19 Checking update-file '/nix/store/0bpj2fxmd41r8mb1c6as8k7ab9fccqir-user-environment/share/apps/kconf_update/kwin_remove_effects.upd' for new updates
2016-06-18T11:15:19 kwin_remove_effects.upd: Found new update 'kwin4.7_effects'
2016-06-18T11:15:19 Checking update-file '/nix/store/0bpj2fxmd41r8mb1c6as8k7ab9fccqir-user-environment/share/apps/kconf_update/klipper-kconfigxt.upd' for new updates
2016-06-18T11:15:19 klipper-kconfigxt.upd: Found new update 'KlipperNoSpacesInKeyNames'
2016-06-18T11:15:19 klipper-kconfigxt.upd: File 'klipperrc' does not exist or empty, skipping
2016-06-18T11:15:19 Checking update-file '/nix/store/0bpj2fxmd41r8mb1c6as8k7ab9fccqir-user-environment/share/apps/kconf_update/kwin_update_tabbox_qml_settings.upd' for new updates
2016-06-18T11:15:19 kwin_update_tabbox_qml_settings.upd: Found new update 'Kwin-4.8'
2016-06-18T11:15:19 kwin_update_tabbox_qml_settings.upd: Running script 'kwin_update_tabbox_qml_settings'
2016-06-18T11:15:19 [Script] QDBusConnection: session D-Bus connection created before QCoreApplication. Application may misbehave.
2016-06-18T11:15:19 Checking update-file '/nix/store/0bpj2fxmd41r8mb1c6as8k7ab9fccqir-user-environment/share/apps/kconf_update/ksslcertificatemanager.upd' for new updates
2016-06-18T11:15:19 ksslcertificatemanager.upd: Found new update 'kde4.2'
2016-06-18T11:15:19 ksslcertificatemanager.upd: Running script 'ksslcertificatemanager.upd.sh'
2016-06-18T11:15:19 [Script] rm: cannot remove '/home/ceduic/.kde//share/config/ksslcertificatemanager': No such file or directory
2016-06-18T11:15:19 ksslcertificatemanager.upd: !! An error occurred while running 'sh /nix/store/0bpj2fxmd41r8mb1c6as8k7ab9fccqir-user-environment/share/apps/kconf_update/ksslcertificatemanager.upd.sh'
2016-06-18T11:15:19 Checking update-file '/nix/store/0bpj2fxmd41r8mb1c6as8k7ab9fccqir-user-environment/share/apps/kconf_update/kioslave.upd' for new updates
2016-06-18T11:15:19 kioslave.upd: Found new update 'kde2.2/r1'
2016-06-18T11:15:19 kioslave.upd: File 'kioslaverc' does not exist or empty, skipping
2016-06-18T11:15:19 kioslave.upd: Skipping update 'kde2.2/r1'
2016-06-18T11:15:19 kioslave.upd: File 'kioslaverc' does not exist or empty, skipping
2016-06-18T11:15:19 kioslave.upd: Found new update 'kde2.2/r2'
2016-06-18T11:15:19 kioslave.upd: File 'kioslaverc' does not exist or empty, skipping
2016-06-18T11:15:19 kioslave.upd: Found new update 'kde2.2/r3'
2016-06-18T11:15:19 kioslave.upd: File 'kioslaverc' does not exist or empty, skipping
2016-06-18T11:15:19 Checking update-file '/nix/store/0bpj2fxmd41r8mb1c6as8k7ab9fccqir-user-environment/share/apps/kconf_update/kwin_remove_delay_focus.upd' for new updates
2016-06-18T11:15:19 kwin_remove_delay_focus.upd: Found new update 'Kwin-4.8'
2016-06-18T11:15:19 kwin_remove_delay_focus.upd: Running script 'kwin_remove_delay_focus.sh'
2016-06-18T11:15:19 [Script] /nix/store/0bpj2fxmd41r8mb1c6as8k7ab9fccqir-user-environment/share/apps/kconf_update/kwin_remove_delay_focus.sh: line 2: kreadconfig: command not found
2016-06-18T11:15:19 [Script] /nix/store/0bpj2fxmd41r8mb1c6as8k7ab9fccqir-user-environment/share/apps/kconf_update/kwin_remove_delay_focus.sh: line 2: kreadconfig: command not found
2016-06-18T11:15:19 [Script] /nix/store/0bpj2fxmd41r8mb1c6as8k7ab9fccqir-user-environment/share/apps/kconf_update/kwin_remove_delay_focus.sh: line 2: [: !=: unary operator expected
2016-06-18T11:15:19 Checking update-file '/nix/store/0bpj2fxmd41r8mb1c6as8k7ab9fccqir-user-environment/share/apps/kconf_update/kscreenlocker_locksession-shortcut.upd' for new updates
2016-06-18T11:15:19 kscreenlocker_locksession-shortcut.upd: Found new update '4.9-locksession-shortcut'
2016-06-18T11:15:19 kscreenlocker_locksession-shortcut.upd: File 'kglobalshortcutsrc' does not exist or empty, skipping
